{
  "RSpec": {
    "coverage": {
      "/Users/lizziehard/challenges/week_2/oyster_card/spec/joureny_spec.rb": [
        1,
        null,
        1,
        null,
        1,
        1,
        1,
        null,
        null,
        1,
        1,
        1,
        null,
        null,
        1,
        1,
        1,
        1,
        null,
        null,
        1,
        1,
        1,
        1,
        null,
        null
      ],
      "/Users/lizziehard/challenges/week_2/oyster_card/lib/journey.rb": [
        1,
        null,
        1,
        1,
        null,
        1,
        1,
        null,
        1,
        12,
        12,
        null,
        null,
        1,
        6,
        2,
        null,
        4,
        null,
        null,
        null,
        1,
        7,
        null,
        null
      ],
      "/Users/lizziehard/challenges/week_2/oyster_card/spec/oystercard_spec.rb": [
        1,
        null,
        1,
        5,
        null,
        1,
        1,
        null,
        null,
        2,
        null,
        1,
        1,
        1,
        null,
        null,
        null,
        null,
        null,
        null,
        null,
        1,
        1,
        1,
        2,
        null,
        null,
        1,
        1,
        1,
        1,
        null,
        null,
        2,
        2,
        2,
        null,
        1,
        1,
        1,
        1,
        null,
        null,
        1,
        1,
        1,
        1,
        null,
        null,
        1,
        1,
        1,
        1,
        1,
        null,
        null,
        1,
        2,
        null,
        null,
        1,
        1,
        1,
        4,
        null,
        null,
        1,
        1,
        1,
        1,
        null,
        null,
        1,
        1,
        null,
        null,
        1,
        1,
        1,
        1,
        null,
        null,
        1,
        1,
        1,
        1,
        1,
        null,
        null
      ],
      "/Users/lizziehard/challenges/week_2/oyster_card/lib/Oystercard.rb": [
        null,
        1,
        1,
        null,
        1,
        1,
        null,
        1,
        17,
        17,
        17,
        17,
        null,
        null,
        1,
        11,
        10,
        10,
        null,
        null,
        1,
        9,
        8,
        8,
        8,
        8,
        null,
        null,
        1,
        3,
        3,
        3,
        3,
        null,
        null,
        1,
        1,
        null,
        null,
        1,
        null,
        1,
        4,
        null,
        null
      ],
      "/Users/lizziehard/challenges/week_2/oyster_card/spec/station_spec.rb": [
        1,
        null,
        1,
        null,
        1,
        1,
        1,
        null,
        null,
        1,
        1,
        1,
        null,
        null
      ],
      "/Users/lizziehard/challenges/week_2/oyster_card/lib/station.rb": [
        1,
        1,
        null,
        1,
        2,
        2,
        null,
        null,
        null,
        null,
        null,
        null,
        null
      ]
    },
    "timestamp": 1502377230
  }
}
